2018-11-04 20:35:22,272 [9] INFO  MyLogger [(null)] - Starting application
2018-11-04 20:35:22,349 [9] INFO  MyLogger [(null)] - Invoking thread A.
2018-11-04 20:35:22,355 [9] INFO  MyLogger [(null)] - Finishing application...
2018-11-04 20:35:22,355 [10] WARN  MyLogger [(null)] - Do somthing
2018-11-04 20:35:22,360 [11] ERROR MyLogger [(null)] - Little Error...
2018-11-06 02:31:55,730 [9] INFO  MyLogger [(null)] - Starting application
2018-11-06 02:31:56,220 [9] INFO  MyLogger [(null)] - Invoking thread A.
2018-11-06 02:31:56,224 [9] INFO  MyLogger [(null)] - Finishing application...
2018-11-06 02:31:56,227 [11] ERROR MyLogger [(null)] - Little Error...
2018-11-06 02:31:56,297 [10] WARN  MyLogger [(null)] - Do somthing
2018-11-06 02:39:19,778 [10] INFO  MyLogger [(null)] - Starting application
2018-11-06 02:39:19,857 [10] INFO  MyLogger [(null)] - Invoking thread A.
2018-11-06 02:39:19,862 [10] INFO  MyLogger [(null)] - Finishing application...
2018-11-06 02:39:19,871 [12] ERROR MyLogger [(null)] - Little Error...
2018-11-06 02:39:19,890 [11] WARN  MyLogger [(null)] - Do somthing
2018-11-06 02:43:27,486 [9] INFO  MyLogger [(null)] - Starting application
2018-11-06 02:43:27,557 [9] INFO  MyLogger [(null)] - Invoking thread A.
2018-11-06 02:43:27,669 [11] ERROR MyLogger [(null)] - Little Error...
2018-11-06 02:43:27,674 [9] INFO  MyLogger [(null)] - Finishing application...
2018-11-06 02:43:27,707 [10] WARN  MyLogger [(null)] - Do somthing
2018-11-06 02:44:12,882 [10] INFO  MyLogger [(null)] - Starting application
2018-11-06 02:44:12,955 [10] INFO  MyLogger [(null)] - Invoking thread A.
2018-11-06 02:44:12,960 [10] INFO  MyLogger [(null)] - Finishing application...
2018-11-06 02:44:12,964 [12] ERROR MyLogger [(null)] - Little Error...
2018-11-06 02:44:12,980 [11] WARN  MyLogger [(null)] - Do somthing
2018-11-06 02:44:30,416 [10] INFO  MyLogger [(null)] - Starting application
2018-11-06 02:44:30,501 [10] INFO  MyLogger [(null)] - Invoking thread A.
2018-11-06 02:44:30,658 [10] INFO  MyLogger [(null)] - Finishing application...
2018-11-06 02:44:30,661 [12] ERROR MyLogger [(null)] - Little Error...
2018-11-06 02:44:30,662 [11] WARN  MyLogger [(null)] - Do somthing
2018-11-06 02:47:40,112 [9] INFO  MyLogger [(null)] - Starting application
2018-11-06 02:47:40,186 [9] INFO  MyLogger [(null)] - Invoking thread A.
2018-11-06 02:47:40,197 [9] INFO  MyLogger [(null)] - Finishing application...
2018-11-06 02:47:40,202 [11] ERROR MyLogger [(null)] - Little Error...
2018-11-06 02:47:40,213 [10] WARN  MyLogger [(null)] - Do somthing
2018-11-06 02:48:39,759 [10] INFO  MyLogger [(null)] - Starting application
2018-11-06 02:48:39,813 [10] INFO  MyLogger [(null)] - Invoking thread A.
2018-11-06 02:48:39,850 [10] INFO  MyLogger [(null)] - Finishing application...
2018-11-06 02:48:39,875 [12] ERROR MyLogger [(null)] - Little Error...
2018-11-06 02:48:39,913 [11] WARN  MyLogger [(null)] - Do somthing
2018-11-06 02:50:01,006 [9] INFO  MyLogger [(null)] - Starting application
2018-11-06 02:50:01,086 [9] INFO  MyLogger [(null)] - Invoking thread A.
2018-11-06 02:50:01,096 [9] INFO  MyLogger [(null)] - Finishing application...
2018-11-06 02:50:01,105 [11] ERROR MyLogger [(null)] - Little Error...
2018-11-06 02:50:01,120 [10] WARN  MyLogger [(null)] - Do somthing
2018-11-06 02:53:41,555 [9] INFO  MyLogger [(null)] - Starting application
2018-11-06 02:53:41,612 [9] INFO  MyLogger [(null)] - Invoking thread A.
2018-11-06 02:53:41,619 [9] INFO  MyLogger [(null)] - Finishing application...
2018-11-06 02:53:41,636 [11] ERROR MyLogger [(null)] - Little Error...
2018-11-06 02:53:41,645 [10] WARN  MyLogger [(null)] - Do somthing
2018-11-06 02:55:30,755 [8] INFO  MyLogger [(null)] - Starting application
2018-11-06 02:55:30,810 [8] INFO  MyLogger [(null)] - Invoking thread A.
2018-11-06 02:55:30,816 [9] WARN  MyLogger [(null)] - Do somthing
2018-11-06 02:55:35,709 [8] INFO  MyLogger [(null)] - Finishing application...
2018-11-06 02:55:35,712 [10] ERROR MyLogger [(null)] - Little Error...
2018-11-06 02:59:28,464 [9] INFO  MyLogger [(null)] - Starting application
2018-11-06 02:59:28,541 [9] INFO  MyLogger [(null)] - Invoking thread A.
2018-11-06 02:59:28,546 [9] INFO  MyLogger [(null)] - Finishing application...
2018-11-06 02:59:28,551 [11] ERROR MyLogger [(null)] - Little Error...
2018-11-06 02:59:28,562 [10] WARN  MyLogger [(null)] - Do somthing
2018-11-06 03:00:15,724 [9] INFO  MyLogger [(null)] - Starting application
2018-11-06 03:00:16,040 [9] INFO  MyLogger [(null)] - Invoking thread A.
2018-11-06 03:00:16,045 [9] INFO  MyLogger [(null)] - Finishing application...
2018-11-06 03:00:16,049 [11] ERROR MyLogger [(null)] - Little Error...
2018-11-06 03:00:16,063 [10] WARN  MyLogger [(null)] - Do somthing
2018-11-06 03:06:03,812 [9] INFO  MyLogger [(null)] - Starting application
2018-11-06 03:06:03,937 [9] INFO  MyLogger [(null)] - Invoking thread A.
2018-11-06 03:06:03,962 [9] INFO  MyLogger [(null)] - Finishing application...
2018-11-06 03:06:03,967 [11] ERROR MyLogger [(null)] - Little Error...
2018-11-06 03:06:03,987 [10] WARN  MyLogger [(null)] - Do somthing
2018-11-06 03:06:16,295 [10] INFO  MyLogger [(null)] - Starting application
2018-11-06 03:06:16,363 [10] INFO  MyLogger [(null)] - Invoking thread A.
2018-11-06 03:06:16,401 [10] INFO  MyLogger [(null)] - Finishing application...
2018-11-06 03:06:16,437 [12] ERROR MyLogger [(null)] - Little Error...
2018-11-06 03:06:16,455 [11] WARN  MyLogger [(null)] - Do somthing
2018-11-06 03:06:26,459 [10] INFO  MyLogger [(null)] - Starting application
2018-11-06 03:06:26,547 [10] INFO  MyLogger [(null)] - Invoking thread A.
2018-11-06 03:06:26,581 [10] INFO  MyLogger [(null)] - Finishing application...
2018-11-06 03:06:26,626 [12] ERROR MyLogger [(null)] - Little Error...
2018-11-06 03:06:26,666 [11] WARN  MyLogger [(null)] - Do somthing
2018-11-06 03:07:36,537 [9] INFO  MyLogger [(null)] - Starting application
2018-11-06 03:07:36,706 [9] INFO  MyLogger [(null)] - Invoking thread A.
2018-11-06 03:07:36,720 [9] INFO  MyLogger [(null)] - Finishing application...
2018-11-06 03:07:36,747 [11] ERROR MyLogger [(null)] - Little Error...
2018-11-06 03:07:36,796 [10] WARN  MyLogger [(null)] - Do somthing
2018-11-06 03:11:39,241 [9] INFO  MyLogger [(null)] - Starting application
2018-11-06 03:11:39,321 [9] INFO  MyLogger [(null)] - Invoking thread A.
2018-11-06 03:11:39,438 [9] INFO  MyLogger [(null)] - Finishing application...
2018-11-06 03:11:39,467 [11] ERROR MyLogger [(null)] - Little Error...
2018-11-06 03:11:39,468 [10] WARN  MyLogger [(null)] - Do somthing
2018-11-06 03:12:50,617 [9] INFO  MyLogger [(null)] - Starting application
2018-11-06 03:12:50,676 [9] INFO  MyLogger [(null)] - Invoking thread A.
2018-11-06 03:12:50,681 [9] INFO  MyLogger [(null)] - Finishing application...
2018-11-06 03:12:50,684 [11] ERROR MyLogger [(null)] - Little Error...
2018-11-06 03:12:50,699 [10] WARN  MyLogger [(null)] - Do somthing
2018-11-20 02:07:47,381 [9] INFO  MyLogger [(null)] - Starting application
2018-11-20 02:07:48,320 [9] INFO  MyLogger [(null)] - Invoking thread A.
2018-11-20 02:07:50,265 [9] INFO  MyLogger [(null)] - Finishing application...
2018-11-20 02:07:50,269 [11] ERROR MyLogger [(null)] - Little Error...
2018-11-20 02:07:50,671 [10] WARN  MyLogger [(null)] - Do somthing
2018-11-20 09:39:52,855 [9] INFO  MyLogger [(null)] - Starting application
2018-11-20 09:39:54,067 [9] INFO  MyLogger [(null)] - Invoking thread A.
2018-11-20 09:39:54,144 [11] ERROR MyLogger [(null)] - Little Error...
2018-11-20 09:39:54,336 [10] WARN  MyLogger [(null)] - Do somthing
2018-11-20 09:40:19,554 [9] INFO  MyLogger [(null)] - Finishing application...
2018-11-20 11:12:02,741 [9] INFO  MyLogger [(null)] - Starting application
2018-11-20 11:13:21,743 [10] INFO  MyLogger [(null)] - Starting application
2018-11-20 11:14:23,085 [10] INFO  MyLogger [(null)] - Invoking thread A.
2018-11-20 11:14:23,178 [10] INFO  MyLogger [(null)] - Finishing application...
2018-11-20 11:14:23,279 [11] ERROR MyLogger [(null)] - Little Error...
2018-11-20 11:14:23,405 [6] WARN  MyLogger [(null)] - Do somthing
